14:34:04.209 [main] INFO  com.intuit.karate - karate.env system property was:  
14:34:05.836 [main] DEBUG com.intuit.karate - request:
1 > POST https://petstore.swagger.io/v2/user
1 > Accept-Encoding: gzip,deflate
1 > Connection: Keep-Alive
1 > Content-Length: 159
1 > Content-Type: application/json; charset=UTF-8
1 > Host: petstore.swagger.io
1 > User-Agent: Apache-HttpClient/4.5.11 (Java/1.8.0_261)
{"id":0,"username":"alexvit","firstName":"Alejandro","lastName":"Viteri","email":"correo@prueba.com","password":"password","phone":"0963933465","userStatus":0}

14:34:09.933 [main] DEBUG com.intuit.karate - response time in milliseconds: 4094,98
1 < 200
1 < Access-Control-Allow-Headers: Content-Type, api_key, Authorization
1 < Access-Control-Allow-Methods: GET, POST, DELETE, PUT
1 < Access-Control-Allow-Origin: *
1 < Connection: keep-alive
1 < Content-Type: application/json
1 < Date: Sun, 10 Sep 2023 19:34:09 GMT
1 < Server: Jetty(9.2.9.v20150224)
1 < Transfer-Encoding: chunked
{"code":200,"type":"unknown","message":"9223372036854773461"}

14:34:09.980 [main] INFO  com.intuit.karate - [print] created message is: 9223372036854773461
14:34:10.008 [main] DEBUG com.intuit.karate - request:
2 > GET https://petstore.swagger.io/v2/user/alexvit
2 > Accept-Encoding: gzip,deflate
2 > Connection: Keep-Alive
2 > Host: petstore.swagger.io
2 > User-Agent: Apache-HttpClient/4.5.11 (Java/1.8.0_261)

14:34:10.794 [main] DEBUG com.intuit.karate - response time in milliseconds: 793,36
2 < 200
2 < Access-Control-Allow-Headers: Content-Type, api_key, Authorization
2 < Access-Control-Allow-Methods: GET, POST, DELETE, PUT
2 < Access-Control-Allow-Origin: *
2 < Connection: keep-alive
2 < Content-Type: application/json
2 < Date: Sun, 10 Sep 2023 19:34:10 GMT
2 < Server: Jetty(9.2.9.v20150224)
2 < Transfer-Encoding: chunked
{"id":9223372036854773461,"username":"alexvit","firstName":"Alejandro","lastName":"Viteri","email":"correo@prueba.com","password":"password","phone":"0963933465","userStatus":0}

14:34:10.826 [main] INFO  com.intuit.karate - karate.env system property was:  
14:34:10.841 [main] DEBUG com.intuit.karate - request:
1 > GET https://petstore.swagger.io/v2/user/alexvit
1 > Accept-Encoding: gzip,deflate
1 > Connection: Keep-Alive
1 > Host: petstore.swagger.io
1 > User-Agent: Apache-HttpClient/4.5.11 (Java/1.8.0_261)

14:34:11.172 [main] DEBUG com.intuit.karate - response time in milliseconds: 331,80
1 < 200
1 < Access-Control-Allow-Headers: Content-Type, api_key, Authorization
1 < Access-Control-Allow-Methods: GET, POST, DELETE, PUT
1 < Access-Control-Allow-Origin: *
1 < Connection: keep-alive
1 < Content-Type: application/json
1 < Date: Sun, 10 Sep 2023 19:34:10 GMT
1 < Server: Jetty(9.2.9.v20150224)
1 < Transfer-Encoding: chunked
{"id":9223372036854773461,"username":"alexvit","firstName":"Alejandro","lastName":"Viteri","email":"correo@prueba.com","password":"password","phone":"0963933465","userStatus":0}

14:34:11.188 [main] INFO  com.intuit.karate - [print] el id es 9223372036854773461
14:34:11.188 [main] DEBUG com.intuit.karate - request:
2 > PUT https://petstore.swagger.io/v2/user/alexvit
2 > Accept-Encoding: gzip,deflate
2 > Connection: Keep-Alive
2 > Content-Length: 175
2 > Content-Type: application/json; charset=UTF-8
2 > Host: petstore.swagger.io
2 > User-Agent: Apache-HttpClient/4.5.11 (Java/1.8.0_261)
{"id":9223372036854773461,"username":"alexvit","firstName":"Rodrigo","lastName":"Viteri","email":"correo@cambio.com","password":"password","phone":"0963933465","userStatus":0}

14:34:11.672 [main] DEBUG com.intuit.karate - response time in milliseconds: 484,46
2 < 200
2 < Access-Control-Allow-Headers: Content-Type, api_key, Authorization
2 < Access-Control-Allow-Methods: GET, POST, DELETE, PUT
2 < Access-Control-Allow-Origin: *
2 < Connection: keep-alive
2 < Content-Type: application/json
2 < Date: Sun, 10 Sep 2023 19:34:11 GMT
2 < Server: Jetty(9.2.9.v20150224)
2 < Transfer-Encoding: chunked
{"code":200,"type":"unknown","message":"9223372036854773461"}

14:34:11.688 [main] DEBUG com.intuit.karate - request:
3 > GET https://petstore.swagger.io/v2/user/alexvit
3 > Accept-Encoding: gzip,deflate
3 > Connection: Keep-Alive
3 > Host: petstore.swagger.io
3 > User-Agent: Apache-HttpClient/4.5.11 (Java/1.8.0_261)

14:34:12.073 [main] DEBUG com.intuit.karate - response time in milliseconds: 381,71
3 < 200
3 < Access-Control-Allow-Headers: Content-Type, api_key, Authorization
3 < Access-Control-Allow-Methods: GET, POST, DELETE, PUT
3 < Access-Control-Allow-Origin: *
3 < Connection: keep-alive
3 < Content-Type: application/json
3 < Date: Sun, 10 Sep 2023 19:34:11 GMT
3 < Server: Jetty(9.2.9.v20150224)
3 < Transfer-Encoding: chunked
{"id":9223372036854773461,"username":"alexvit","firstName":"Rodrigo","lastName":"Viteri","email":"correo@cambio.com","password":"password","phone":"0963933465","userStatus":0}

14:34:12.095 [main] INFO  com.intuit.karate - karate.env system property was:  
14:34:12.095 [main] DEBUG com.intuit.karate - request:
1 > GET https://petstore.swagger.io/v2/user/alexvit
1 > Accept-Encoding: gzip,deflate
1 > Connection: Keep-Alive
1 > Host: petstore.swagger.io
1 > User-Agent: Apache-HttpClient/4.5.11 (Java/1.8.0_261)

14:34:12.549 [main] DEBUG com.intuit.karate - response time in milliseconds: 441,95
1 < 200
1 < Access-Control-Allow-Headers: Content-Type, api_key, Authorization
1 < Access-Control-Allow-Methods: GET, POST, DELETE, PUT
1 < Access-Control-Allow-Origin: *
1 < Connection: keep-alive
1 < Content-Type: application/json
1 < Date: Sun, 10 Sep 2023 19:34:12 GMT
1 < Server: Jetty(9.2.9.v20150224)
1 < Transfer-Encoding: chunked
{"id":9223372036854773461,"username":"alexvit","firstName":"Rodrigo","lastName":"Viteri","email":"correo@cambio.com","password":"password","phone":"0963933465","userStatus":0}

14:34:12.557 [main] DEBUG com.intuit.karate - request:
2 > DELETE https://petstore.swagger.io/v2/user/alexvit
2 > Accept-Encoding: gzip,deflate
2 > Connection: Keep-Alive
2 > Host: petstore.swagger.io
2 > User-Agent: Apache-HttpClient/4.5.11 (Java/1.8.0_261)

14:34:13.311 [main] DEBUG com.intuit.karate - response time in milliseconds: 758,50
2 < 200
2 < Access-Control-Allow-Headers: Content-Type, api_key, Authorization
2 < Access-Control-Allow-Methods: GET, POST, DELETE, PUT
2 < Access-Control-Allow-Origin: *
2 < Connection: keep-alive
2 < Content-Type: application/json
2 < Date: Sun, 10 Sep 2023 19:34:12 GMT
2 < Server: Jetty(9.2.9.v20150224)
2 < Transfer-Encoding: chunked
{"code":200,"type":"unknown","message":"alexvit"}

14:34:13.311 [main] DEBUG com.intuit.karate - request:
3 > GET https://petstore.swagger.io/v2/user/alexvit
3 > Accept-Encoding: gzip,deflate
3 > Connection: Keep-Alive
3 > Host: petstore.swagger.io
3 > User-Agent: Apache-HttpClient/4.5.11 (Java/1.8.0_261)

14:34:13.811 [main] DEBUG com.intuit.karate - response time in milliseconds: 498,78
3 < 404
3 < Access-Control-Allow-Headers: Content-Type, api_key, Authorization
3 < Access-Control-Allow-Methods: GET, POST, DELETE, PUT
3 < Access-Control-Allow-Origin: *
3 < Connection: keep-alive
3 < Content-Type: application/json
3 < Date: Sun, 10 Sep 2023 19:34:13 GMT
3 < Server: Jetty(9.2.9.v20150224)
3 < Transfer-Encoding: chunked
{"code":1,"type":"error","message":"User not found"}

